Build started 6/6/2013 12:22:06 PM.
     1>Project "C:\PerfVianu-master\Drawer\Drawer.vcxproj" on node 2 (Build target(s)).
     1>ClCompile:
         C:\Microsoft Visual Studio 11.0\VC\bin\CL.exe /c /ZI /nologo /W3 /WX- /Od /Oy- /D WIN32 /D _DEBUG /D _WINDOWS /D _UNICODE /D UNICODE /Gm /EHsc /RTC1 /MDd /GS /fp:precise /Zc:wchar_t /Zc:forScope /Fo"Debug\\" /Fd"Debug\vc110.pdb" /Gd /TP /analyze- /errorReport:prompt main.cpp
         main.cpp
     1>c:\perfvianu-master\drawer\main.cpp(44): warning C4244: 'argument' : conversion from 'double' to 'GLfloat', possible loss of data
     1>c:\perfvianu-master\drawer\main.cpp(163): warning C4996: 'strtok': This function or variable may be unsafe. Consider using strtok_s instead. To disable deprecation, use _CRT_SECURE_NO_WARNINGS. See online help for details.
                 c:\microsoft visual studio 11.0\vc\include\string.h(200) : see declaration of 'strtok'
     1>c:\perfvianu-master\drawer\main.cpp(164): warning C4996: 'strtok': This function or variable may be unsafe. Consider using strtok_s instead. To disable deprecation, use _CRT_SECURE_NO_WARNINGS. See online help for details.
                 c:\microsoft visual studio 11.0\vc\include\string.h(200) : see declaration of 'strtok'
     1>c:\perfvianu-master\drawer\main.cpp(165): warning C4996: 'strtok': This function or variable may be unsafe. Consider using strtok_s instead. To disable deprecation, use _CRT_SECURE_NO_WARNINGS. See online help for details.
                 c:\microsoft visual studio 11.0\vc\include\string.h(200) : see declaration of 'strtok'
     1>c:\perfvianu-master\drawer\main.cpp(167): warning C4996: 'strtok': This function or variable may be unsafe. Consider using strtok_s instead. To disable deprecation, use _CRT_SECURE_NO_WARNINGS. See online help for details.
                 c:\microsoft visual studio 11.0\vc\include\string.h(200) : see declaration of 'strtok'
     1>c:\perfvianu-master\drawer\main.cpp(167): warning C4996: 'strcpy': This function or variable may be unsafe. Consider using strcpy_s instead. To disable deprecation, use _CRT_SECURE_NO_WARNINGS. See online help for details.
                 c:\microsoft visual studio 11.0\vc\include\string.h(110) : see declaration of 'strcpy'
     1>c:\perfvianu-master\drawer\main.cpp(168): warning C4996: 'strtok': This function or variable may be unsafe. Consider using strtok_s instead. To disable deprecation, use _CRT_SECURE_NO_WARNINGS. See online help for details.
                 c:\microsoft visual studio 11.0\vc\include\string.h(200) : see declaration of 'strtok'
     1>c:\perfvianu-master\drawer\main.cpp(169): warning C4996: 'strtok': This function or variable may be unsafe. Consider using strtok_s instead. To disable deprecation, use _CRT_SECURE_NO_WARNINGS. See online help for details.
                 c:\microsoft visual studio 11.0\vc\include\string.h(200) : see declaration of 'strtok'
     1>c:\perfvianu-master\drawer\main.cpp(170): warning C4996: 'strtok': This function or variable may be unsafe. Consider using strtok_s instead. To disable deprecation, use _CRT_SECURE_NO_WARNINGS. See online help for details.
                 c:\microsoft visual studio 11.0\vc\include\string.h(200) : see declaration of 'strtok'
     1>c:\perfvianu-master\drawer\main.cpp(172): warning C4996: 'strtok': This function or variable may be unsafe. Consider using strtok_s instead. To disable deprecation, use _CRT_SECURE_NO_WARNINGS. See online help for details.
                 c:\microsoft visual studio 11.0\vc\include\string.h(200) : see declaration of 'strtok'
     1>c:\perfvianu-master\drawer\main.cpp(177): warning C4996: 'strtok': This function or variable may be unsafe. Consider using strtok_s instead. To disable deprecation, use _CRT_SECURE_NO_WARNINGS. See online help for details.
                 c:\microsoft visual studio 11.0\vc\include\string.h(200) : see declaration of 'strtok'
     1>c:\perfvianu-master\drawer\main.cpp(178): warning C4996: 'strtok': This function or variable may be unsafe. Consider using strtok_s instead. To disable deprecation, use _CRT_SECURE_NO_WARNINGS. See online help for details.
                 c:\microsoft visual studio 11.0\vc\include\string.h(200) : see declaration of 'strtok'
     1>c:\perfvianu-master\drawer\main.cpp(179): warning C4996: 'strtok': This function or variable may be unsafe. Consider using strtok_s instead. To disable deprecation, use _CRT_SECURE_NO_WARNINGS. See online help for details.
                 c:\microsoft visual studio 11.0\vc\include\string.h(200) : see declaration of 'strtok'
     1>c:\perfvianu-master\drawer\main.cpp(181): warning C4996: 'strtok': This function or variable may be unsafe. Consider using strtok_s instead. To disable deprecation, use _CRT_SECURE_NO_WARNINGS. See online help for details.
                 c:\microsoft visual studio 11.0\vc\include\string.h(200) : see declaration of 'strtok'
     1>c:\perfvianu-master\drawer\main.cpp(181): warning C4800: 'int' : forcing value to bool 'true' or 'false' (performance warning)
     1>c:\perfvianu-master\drawer\main.cpp(249): warning C4996: 'vsprintf': This function or variable may be unsafe. Consider using vsprintf_s instead. To disable deprecation, use _CRT_SECURE_NO_WARNINGS. See online help for details.
                 c:\microsoft visual studio 11.0\vc\include\stdio.h(357) : see declaration of 'vsprintf'
     1>c:\perfvianu-master\drawer\main.cpp(252): warning C4244: 'argument' : conversion from 'double' to 'GLfloat', possible loss of data
     1>c:\perfvianu-master\drawer\main.cpp(254): warning C4244: '+=' : conversion from 'double' to 'int', possible loss of data
     1>c:\perfvianu-master\drawer\main.cpp(259): warning C4244: 'argument' : conversion from 'double' to 'GLint', possible loss of data
     1>c:\perfvianu-master\drawer\main.cpp(261): warning C4244: 'argument' : conversion from 'double' to 'GLint', possible loss of data
     1>c:\perfvianu-master\drawer\main.cpp(263): warning C4244: 'argument' : conversion from 'double' to 'GLint', possible loss of data
     1>c:\perfvianu-master\drawer\main.cpp(265): warning C4244: '+=' : conversion from 'double' to 'int', possible loss of data
     1>c:\perfvianu-master\drawer\main.cpp(378): warning C4996: 'scanf': This function or variable may be unsafe. Consider using scanf_s instead. To disable deprecation, use _CRT_SECURE_NO_WARNINGS. See online help for details.
                 c:\microsoft visual studio 11.0\vc\include\stdio.h(290) : see declaration of 'scanf'
     1>c:\perfvianu-master\drawer\main.cpp(403): warning C4996: 'strcpy': This function or variable may be unsafe. Consider using strcpy_s instead. To disable deprecation, use _CRT_SECURE_NO_WARNINGS. See online help for details.
                 c:\microsoft visual studio 11.0\vc\include\string.h(110) : see declaration of 'strcpy'
       Link:
         C:\Microsoft Visual Studio 11.0\VC\bin\link.exe /ERRORREPORT:PROMPT /OUT:"C:\PerfVianu-master\Debug\Drawer.exe" /INCREMENTAL /NOLOGO ws2_32.lib SDLmain.lib SDL.lib opengl32.lib glu32.lib kernel32.lib user32.lib gdi32.lib winspool.lib comdlg32.lib advapi32.lib shell32.lib ole32.lib oleaut32.lib uuid.lib odbc32.lib odbccp32.lib /MANIFEST /MANIFESTUAC:"level='asInvoker' uiAccess='false'" /manifest:embed /DEBUG /PDB:"C:\PerfVianu-master\Debug\Drawer.pdb" /SUBSYSTEM:CONSOLE /TLBID:1 /DYNAMICBASE /NXCOMPAT /IMPLIB:"C:\PerfVianu-master\Debug\Drawer.lib" /MACHINE:X86 Debug\main.obj
     1>MSVCRTD.lib(cinitexe.obj) : warning LNK4098: defaultlib 'msvcrt.lib' conflicts with use of other libs; use /NODEFAULTLIB:library
         Drawer.vcxproj -> C:\PerfVianu-master\Debug\Drawer.exe
     1>Done Building Project "C:\PerfVianu-master\Drawer\Drawer.vcxproj" (Build target(s)).

Build succeeded.

Time Elapsed 00:00:02.41
