C:\PERFVIANU-MASTER\INPUTER\DEBUG\MAIN.OBJ
C:\PERFVIANU-MASTER\INPUTER\DEBUG\VC110.PDB
C:\PERFVIANU-MASTER\DEBUG\INPUTER.ILK
C:\PERFVIANU-MASTER\DEBUG\INPUTER.EXE
C:\PERFVIANU-MASTER\DEBUG\INPUTER.PDB
C:\PerfVianu-master\Inputer\Debug\main.obj
C:\PerfVianu-master\Inputer\Debug\cl.command.1.tlog
C:\PerfVianu-master\Inputer\Debug\CL.read.1.tlog
C:\PerfVianu-master\Inputer\Debug\CL.write.1.tlog
C:\PerfVianu-master\Inputer\Debug\link-cvtres.read.1.tlog
C:\PerfVianu-master\Inputer\Debug\link-cvtres.write.1.tlog
C:\PerfVianu-master\Inputer\Debug\link-rc.read.1.tlog
C:\PerfVianu-master\Inputer\Debug\link-rc.write.1.tlog
C:\PerfVianu-master\Inputer\Debug\link.command.1.tlog
C:\PerfVianu-master\Inputer\Debug\link.read.1.tlog
C:\PerfVianu-master\Inputer\Debug\link.write.1.tlog
C:\PerfVianu-master\Inputer\Debug\vc110.idb
C:\PerfVianu-master\Inputer\Debug\vc110.pdb
C:\PerfVianu-master\Debug\Inputer.pdb
C:\PerfVianu-master\Debug\Inputer.exe
C:\PerfVianu-master\Debug\Inputer.ilk
