Build started 6/6/2013 1:21:42 PM.
     1>Project "C:\PerfVianu-master\Drawer\Drawer.vcxproj" on node 2 (Build target(s)).
     1>ClCompile:
         C:\Microsoft Visual Studio 11.0\VC\bin\CL.exe /c /Zi /nologo /W3 /WX- /O2 /Oi /Ot /Oy- /GL /D WIN32 /D NDEBUG /D _WINDOWS /D _UNICODE /D UNICODE /Gm- /EHsc /MD /GS /Gy /fp:precise /Zc:wchar_t /Zc:forScope /Fo"Release\\" /Fd"Release\vc110.pdb" /Gd /TP /analyze- /errorReport:prompt main.cpp
         main.cpp
     1>main.cpp(44): warning C4244: 'argument' : conversion from 'double' to 'GLfloat', possible loss of data
     1>main.cpp(163): warning C4996: 'strtok': This function or variable may be unsafe. Consider using strtok_s instead. To disable deprecation, use _CRT_SECURE_NO_WARNINGS. See online help for details.
                 C:\Microsoft Visual Studio 11.0\VC\include\string.h(200) : see declaration of 'strtok'
     1>main.cpp(164): warning C4996: 'strtok': This function or variable may be unsafe. Consider using strtok_s instead. To disable deprecation, use _CRT_SECURE_NO_WARNINGS. See online help for details.
                 C:\Microsoft Visual Studio 11.0\VC\include\string.h(200) : see declaration of 'strtok'
     1>main.cpp(165): warning C4996: 'strtok': This function or variable may be unsafe. Consider using strtok_s instead. To disable deprecation, use _CRT_SECURE_NO_WARNINGS. See online help for details.
                 C:\Microsoft Visual Studio 11.0\VC\include\string.h(200) : see declaration of 'strtok'
     1>main.cpp(167): warning C4996: 'strtok': This function or variable may be unsafe. Consider using strtok_s instead. To disable deprecation, use _CRT_SECURE_NO_WARNINGS. See online help for details.
                 C:\Microsoft Visual Studio 11.0\VC\include\string.h(200) : see declaration of 'strtok'
     1>main.cpp(167): warning C4996: 'strcpy': This function or variable may be unsafe. Consider using strcpy_s instead. To disable deprecation, use _CRT_SECURE_NO_WARNINGS. See online help for details.
                 C:\Microsoft Visual Studio 11.0\VC\include\string.h(110) : see declaration of 'strcpy'
     1>main.cpp(168): warning C4996: 'strtok': This function or variable may be unsafe. Consider using strtok_s instead. To disable deprecation, use _CRT_SECURE_NO_WARNINGS. See online help for details.
                 C:\Microsoft Visual Studio 11.0\VC\include\string.h(200) : see declaration of 'strtok'
     1>main.cpp(169): warning C4996: 'strtok': This function or variable may be unsafe. Consider using strtok_s instead. To disable deprecation, use _CRT_SECURE_NO_WARNINGS. See online help for details.
                 C:\Microsoft Visual Studio 11.0\VC\include\string.h(200) : see declaration of 'strtok'
     1>main.cpp(170): warning C4996: 'strtok': This function or variable may be unsafe. Consider using strtok_s instead. To disable deprecation, use _CRT_SECURE_NO_WARNINGS. See online help for details.
                 C:\Microsoft Visual Studio 11.0\VC\include\string.h(200) : see declaration of 'strtok'
     1>main.cpp(172): warning C4996: 'strtok': This function or variable may be unsafe. Consider using strtok_s instead. To disable deprecation, use _CRT_SECURE_NO_WARNINGS. See online help for details.
                 C:\Microsoft Visual Studio 11.0\VC\include\string.h(200) : see declaration of 'strtok'
     1>main.cpp(177): warning C4996: 'strtok': This function or variable may be unsafe. Consider using strtok_s instead. To disable deprecation, use _CRT_SECURE_NO_WARNINGS. See online help for details.
                 C:\Microsoft Visual Studio 11.0\VC\include\string.h(200) : see declaration of 'strtok'
     1>main.cpp(178): warning C4996: 'strtok': This function or variable may be unsafe. Consider using strtok_s instead. To disable deprecation, use _CRT_SECURE_NO_WARNINGS. See online help for details.
                 C:\Microsoft Visual Studio 11.0\VC\include\string.h(200) : see declaration of 'strtok'
     1>main.cpp(179): warning C4996: 'strtok': This function or variable may be unsafe. Consider using strtok_s instead. To disable deprecation, use _CRT_SECURE_NO_WARNINGS. See online help for details.
                 C:\Microsoft Visual Studio 11.0\VC\include\string.h(200) : see declaration of 'strtok'
     1>main.cpp(181): warning C4996: 'strtok': This function or variable may be unsafe. Consider using strtok_s instead. To disable deprecation, use _CRT_SECURE_NO_WARNINGS. See online help for details.
                 C:\Microsoft Visual Studio 11.0\VC\include\string.h(200) : see declaration of 'strtok'
     1>main.cpp(181): warning C4800: 'int' : forcing value to bool 'true' or 'false' (performance warning)
     1>main.cpp(249): warning C4996: 'vsprintf': This function or variable may be unsafe. Consider using vsprintf_s instead. To disable deprecation, use _CRT_SECURE_NO_WARNINGS. See online help for details.
                 C:\Microsoft Visual Studio 11.0\VC\include\stdio.h(357) : see declaration of 'vsprintf'
     1>main.cpp(252): warning C4244: 'argument' : conversion from 'double' to 'GLfloat', possible loss of data
     1>main.cpp(254): warning C4244: '+=' : conversion from 'double' to 'int', possible loss of data
     1>main.cpp(259): warning C4244: 'argument' : conversion from 'double' to 'GLint', possible loss of data
     1>main.cpp(261): warning C4244: 'argument' : conversion from 'double' to 'GLint', possible loss of data
     1>main.cpp(263): warning C4244: 'argument' : conversion from 'double' to 'GLint', possible loss of data
     1>main.cpp(265): warning C4244: '+=' : conversion from 'double' to 'int', possible loss of data
     1>main.cpp(378): warning C4996: 'scanf': This function or variable may be unsafe. Consider using scanf_s instead. To disable deprecation, use _CRT_SECURE_NO_WARNINGS. See online help for details.
                 C:\Microsoft Visual Studio 11.0\VC\include\stdio.h(290) : see declaration of 'scanf'
     1>main.cpp(403): warning C4996: 'strcpy': This function or variable may be unsafe. Consider using strcpy_s instead. To disable deprecation, use _CRT_SECURE_NO_WARNINGS. See online help for details.
                 C:\Microsoft Visual Studio 11.0\VC\include\string.h(110) : see declaration of 'strcpy'
       Link:
         C:\Microsoft Visual Studio 11.0\VC\bin\link.exe /ERRORREPORT:PROMPT /OUT:"C:\PerfVianu-master\Release\Drawer.exe" /INCREMENTAL:NO /NOLOGO ws2_32.lib SDLmain.lib SDL.lib opengl32.lib glu32.lib kernel32.lib user32.lib gdi32.lib winspool.lib comdlg32.lib advapi32.lib shell32.lib ole32.lib oleaut32.lib uuid.lib odbc32.lib odbccp32.lib /MANIFEST /MANIFESTUAC:"level='asInvoker' uiAccess='false'" /manifest:embed /DEBUG /PDB:"C:\PerfVianu-master\Release\Drawer.pdb" /SUBSYSTEM:CONSOLE /OPT:REF /OPT:ICF /LTCG /TLBID:1 /DYNAMICBASE /NXCOMPAT /IMPLIB:"C:\PerfVianu-master\Release\Drawer.lib" /MACHINE:X86 /SAFESEH Release\main.obj
         Generating code
         Finished generating code
         Drawer.vcxproj -> C:\PerfVianu-master\Release\Drawer.exe
     1>Done Building Project "C:\PerfVianu-master\Drawer\Drawer.vcxproj" (Build target(s)).

Build succeeded.

Time Elapsed 00:00:01.56
